00000280
0000004b
bgtz 11, 52
addi 16, 0, 65535
addi 17, 0, 65535
sra 17, 17, 31
add 18, 16, 17
addi 16, 16, 1
sub 18, 16, 17
addi 16, 0, 1
addi 17, 0, 1
sll 16, 16, 0
sll 16, 16, 31
sll 17, 17, 31
add 18, 16, 17
addu 18, 17, 16
sub 0, 17, 16
addi 16, 0, 65535
srl 16, 16, 16
and 20, 17, 16
or 21, 20, 16
sll 17, 17, 16
xor 21, 17, 16
nor 22, 17, 16
nand 22, 22, 17
slt 22, 17, 16
slt 22, 16, 17
mult 22, 16
addi 17, 0, 65534
mult 22, 16
multu 22, 16
mfhi 7
mflo 8
addi 16, 0, 32768
addi 18, 16, 32768
addiu 18, 16, 32768
lui 16, 32768
addi 16, 16, 2
andi 18, 16, 65534
ori 18, 16, 65533
nori 18, 16, 65533
slti 19, 16, 32768
bgtz 19, 3
halt
halt
halt
addi 17, 0, 2
beq 17, 19, 4
srl 17, 17, 1
beq 17, 19, 1
halt
sll 19, 19, 10
beq 17, 19, 65484
addi 11, 11, 100
bne 19, 17, 65480
addi 31, 0, 860
jal 228
lbu 10, 0(0)
lw 10, 4(0)
sh 10, 12(0)
lhu 10, 0(0)
sb 10, 16(0)
lw 10, 16(0)
lh 10, 12(0)
lb 10, 1(0)
lb 10, 3(0)
sw 16, 0(0)
lw 15, 0(0)
lh 15, 2(0)
addi 31, 0, 916
jr 31
j 232
lh 0, 916(3)
lw 0, 916(5)
sll 0, 0, 0
halt
halt
