cycle 0
$00: 0x00000000
$01: 0x00000000
$02: 0x00000000
$03: 0x00000000
$04: 0x00000000
$05: 0x00000000
$06: 0x00000000
$07: 0x00000000
$08: 0x00000000
$09: 0x00000000
$10: 0x00000000
$11: 0x00000000
$12: 0x00000000
$13: 0x00000000
$14: 0x00000000
$15: 0x00000000
$16: 0x00000000
$17: 0x00000000
$18: 0x00000000
$19: 0x00000000
$20: 0x00000000
$21: 0x00000000
$22: 0x00000000
$23: 0x00000000
$24: 0x00000000
$25: 0x00000000
$26: 0x00000000
$27: 0x00000000
$28: 0x00000000
$29: 0x00000000
$30: 0x00000000
$31: 0x00000000
$HI: 0x00000000
$LO: 0x00000000
PC: 0x00000068


cycle 1
$04: 0xFFFFFFFE
PC: 0x0000006C


cycle 2
$05: 0xFFFFFFF9
PC: 0x00000070


cycle 3
$03: 0xFFFFFFF9
PC: 0x00000074


cycle 4
PC: 0x00000078


cycle 5
$08: 0x00000020
PC: 0x0000007C


cycle 6
$09: 0x00000001
PC: 0x00000080


cycle 7
PC: 0x00000084


cycle 8
PC: 0x00000088


cycle 9
PC: 0x0000008C


cycle 10
PC: 0x00000098


cycle 11
$02: 0xFFFFFFFE
PC: 0x0000009C


cycle 12
$03: 0x7FFFFFFC
PC: 0x000000A0


cycle 13
$09: 0x00000000
PC: 0x000000A4


cycle 14
PC: 0x000000A8


cycle 15
PC: 0x000000AC


cycle 16
$02: 0xFFFFFFFF
PC: 0x000000B0


cycle 17
$08: 0x0000001F
PC: 0x000000B4


cycle 18
PC: 0x0000007C


cycle 19
$09: 0x00000001
PC: 0x00000080


cycle 20
PC: 0x00000084


cycle 21
$09: 0x00000000
PC: 0x00000088


cycle 22
PC: 0x0000009C


cycle 23
$03: 0x3FFFFFFE
PC: 0x000000A0


cycle 24
$09: 0x00000001
PC: 0x000000A4


cycle 25
$09: 0x80000000
PC: 0x000000A8


cycle 26
$03: 0xBFFFFFFE
PC: 0x000000AC


cycle 27
PC: 0x000000B0


cycle 28
$08: 0x0000001E
PC: 0x000000B4


cycle 29
PC: 0x0000007C


cycle 30
$09: 0x00000001
PC: 0x00000080


cycle 31
PC: 0x00000084


cycle 32
$09: 0x00000000
PC: 0x00000088


cycle 33
PC: 0x0000009C


cycle 34
$03: 0x5FFFFFFF
PC: 0x000000A0


cycle 35
$09: 0x00000001
PC: 0x000000A4


cycle 36
$09: 0x80000000
PC: 0x000000A8


cycle 37
$03: 0xDFFFFFFF
PC: 0x000000AC


cycle 38
PC: 0x000000B0


cycle 39
$08: 0x0000001D
PC: 0x000000B4


cycle 40
PC: 0x0000007C


cycle 41
$09: 0x00000001
PC: 0x00000080


cycle 42
PC: 0x00000084


cycle 43
PC: 0x00000088


cycle 44
PC: 0x0000008C


cycle 45
PC: 0x00000098


cycle 46
$02: 0xFFFFFFFD
PC: 0x0000009C


cycle 47
$03: 0x6FFFFFFF
PC: 0x000000A0


cycle 48
PC: 0x000000A4


cycle 49
$09: 0x80000000
PC: 0x000000A8


cycle 50
$03: 0xEFFFFFFF
PC: 0x000000AC


cycle 51
$02: 0xFFFFFFFE
PC: 0x000000B0


cycle 52
$08: 0x0000001C
PC: 0x000000B4


cycle 53
PC: 0x0000007C


cycle 54
$09: 0x00000001
PC: 0x00000080


cycle 55
PC: 0x00000084


cycle 56
PC: 0x00000088


cycle 57
PC: 0x0000008C


cycle 58
PC: 0x00000098


cycle 59
$02: 0xFFFFFFFC
PC: 0x0000009C


cycle 60
$03: 0x77FFFFFF
PC: 0x000000A0


cycle 61
$09: 0x00000000
PC: 0x000000A4


cycle 62
PC: 0x000000A8


cycle 63
PC: 0x000000AC


cycle 64
$02: 0xFFFFFFFE
PC: 0x000000B0


cycle 65
$08: 0x0000001B
PC: 0x000000B4


cycle 66
PC: 0x0000007C


cycle 67
$09: 0x00000001
PC: 0x00000080


cycle 68
PC: 0x00000084


cycle 69
PC: 0x00000088


cycle 70
PC: 0x0000008C


cycle 71
PC: 0x00000098


cycle 72
$02: 0xFFFFFFFC
PC: 0x0000009C


cycle 73
$03: 0x3BFFFFFF
PC: 0x000000A0


cycle 74
$09: 0x00000000
PC: 0x000000A4


cycle 75
PC: 0x000000A8


cycle 76
PC: 0x000000AC


cycle 77
$02: 0xFFFFFFFE
PC: 0x000000B0


cycle 78
$08: 0x0000001A
PC: 0x000000B4


cycle 79
PC: 0x0000007C


cycle 80
$09: 0x00000001
PC: 0x00000080


cycle 81
PC: 0x00000084


cycle 82
PC: 0x00000088


cycle 83
PC: 0x0000008C


cycle 84
PC: 0x00000098


cycle 85
$02: 0xFFFFFFFC
PC: 0x0000009C


cycle 86
$03: 0x1DFFFFFF
PC: 0x000000A0


cycle 87
$09: 0x00000000
PC: 0x000000A4


cycle 88
PC: 0x000000A8


cycle 89
PC: 0x000000AC


cycle 90
$02: 0xFFFFFFFE
PC: 0x000000B0


cycle 91
$08: 0x00000019
PC: 0x000000B4


cycle 92
PC: 0x0000007C


cycle 93
$09: 0x00000001
PC: 0x00000080


cycle 94
PC: 0x00000084


cycle 95
PC: 0x00000088


cycle 96
PC: 0x0000008C


cycle 97
PC: 0x00000098


cycle 98
$02: 0xFFFFFFFC
PC: 0x0000009C


cycle 99
$03: 0x0EFFFFFF
PC: 0x000000A0


cycle 100
$09: 0x00000000
PC: 0x000000A4


cycle 101
PC: 0x000000A8


cycle 102
PC: 0x000000AC


cycle 103
$02: 0xFFFFFFFE
PC: 0x000000B0


cycle 104
$08: 0x00000018
PC: 0x000000B4


cycle 105
PC: 0x0000007C


cycle 106
$09: 0x00000001
PC: 0x00000080


cycle 107
PC: 0x00000084


cycle 108
PC: 0x00000088


cycle 109
PC: 0x0000008C


cycle 110
PC: 0x00000098


cycle 111
$02: 0xFFFFFFFC
PC: 0x0000009C


cycle 112
$03: 0x077FFFFF
PC: 0x000000A0


cycle 113
$09: 0x00000000
PC: 0x000000A4


cycle 114
PC: 0x000000A8


cycle 115
PC: 0x000000AC


cycle 116
$02: 0xFFFFFFFE
PC: 0x000000B0


cycle 117
$08: 0x00000017
PC: 0x000000B4


cycle 118
PC: 0x0000007C


cycle 119
$09: 0x00000001
PC: 0x00000080


cycle 120
PC: 0x00000084


cycle 121
PC: 0x00000088


cycle 122
PC: 0x0000008C


cycle 123
PC: 0x00000098


cycle 124
$02: 0xFFFFFFFC
PC: 0x0000009C


cycle 125
$03: 0x03BFFFFF
PC: 0x000000A0


cycle 126
$09: 0x00000000
PC: 0x000000A4


cycle 127
PC: 0x000000A8


cycle 128
PC: 0x000000AC


cycle 129
$02: 0xFFFFFFFE
PC: 0x000000B0


cycle 130
$08: 0x00000016
PC: 0x000000B4


cycle 131
PC: 0x0000007C


cycle 132
$09: 0x00000001
PC: 0x00000080


cycle 133
PC: 0x00000084


cycle 134
PC: 0x00000088


cycle 135
PC: 0x0000008C


cycle 136
PC: 0x00000098


cycle 137
$02: 0xFFFFFFFC
PC: 0x0000009C


cycle 138
$03: 0x01DFFFFF
PC: 0x000000A0


cycle 139
$09: 0x00000000
PC: 0x000000A4


cycle 140
PC: 0x000000A8


cycle 141
PC: 0x000000AC


cycle 142
$02: 0xFFFFFFFE
PC: 0x000000B0


cycle 143
$08: 0x00000015
PC: 0x000000B4


cycle 144
PC: 0x0000007C


cycle 145
$09: 0x00000001
PC: 0x00000080


cycle 146
PC: 0x00000084


cycle 147
PC: 0x00000088


cycle 148
PC: 0x0000008C


cycle 149
PC: 0x00000098


cycle 150
$02: 0xFFFFFFFC
PC: 0x0000009C


cycle 151
$03: 0x00EFFFFF
PC: 0x000000A0


cycle 152
$09: 0x00000000
PC: 0x000000A4


cycle 153
PC: 0x000000A8


cycle 154
PC: 0x000000AC


cycle 155
$02: 0xFFFFFFFE
PC: 0x000000B0


cycle 156
$08: 0x00000014
PC: 0x000000B4


cycle 157
PC: 0x0000007C


cycle 158
$09: 0x00000001
PC: 0x00000080


cycle 159
PC: 0x00000084


cycle 160
PC: 0x00000088


cycle 161
PC: 0x0000008C


cycle 162
PC: 0x00000098


cycle 163
$02: 0xFFFFFFFC
PC: 0x0000009C


cycle 164
$03: 0x0077FFFF
PC: 0x000000A0


cycle 165
$09: 0x00000000
PC: 0x000000A4


cycle 166
PC: 0x000000A8


cycle 167
PC: 0x000000AC


cycle 168
$02: 0xFFFFFFFE
PC: 0x000000B0


cycle 169
$08: 0x00000013
PC: 0x000000B4


cycle 170
PC: 0x0000007C


cycle 171
$09: 0x00000001
PC: 0x00000080


cycle 172
PC: 0x00000084


cycle 173
PC: 0x00000088


cycle 174
PC: 0x0000008C


cycle 175
PC: 0x00000098


cycle 176
$02: 0xFFFFFFFC
PC: 0x0000009C


cycle 177
$03: 0x003BFFFF
PC: 0x000000A0


cycle 178
$09: 0x00000000
PC: 0x000000A4


cycle 179
PC: 0x000000A8


cycle 180
PC: 0x000000AC


cycle 181
$02: 0xFFFFFFFE
PC: 0x000000B0


cycle 182
$08: 0x00000012
PC: 0x000000B4


cycle 183
PC: 0x0000007C


cycle 184
$09: 0x00000001
PC: 0x00000080


cycle 185
PC: 0x00000084


cycle 186
PC: 0x00000088


cycle 187
PC: 0x0000008C


cycle 188
PC: 0x00000098


cycle 189
$02: 0xFFFFFFFC
PC: 0x0000009C


cycle 190
$03: 0x001DFFFF
PC: 0x000000A0


cycle 191
$09: 0x00000000
PC: 0x000000A4


cycle 192
PC: 0x000000A8


cycle 193
PC: 0x000000AC


cycle 194
$02: 0xFFFFFFFE
PC: 0x000000B0


cycle 195
$08: 0x00000011
PC: 0x000000B4


cycle 196
PC: 0x0000007C


cycle 197
$09: 0x00000001
PC: 0x00000080


cycle 198
PC: 0x00000084


cycle 199
PC: 0x00000088


cycle 200
PC: 0x0000008C


cycle 201
PC: 0x00000098


cycle 202
$02: 0xFFFFFFFC
PC: 0x0000009C


cycle 203
$03: 0x000EFFFF
PC: 0x000000A0


cycle 204
$09: 0x00000000
PC: 0x000000A4


cycle 205
PC: 0x000000A8


cycle 206
PC: 0x000000AC


cycle 207
$02: 0xFFFFFFFE
PC: 0x000000B0


cycle 208
$08: 0x00000010
PC: 0x000000B4


cycle 209
PC: 0x0000007C


cycle 210
$09: 0x00000001
PC: 0x00000080


cycle 211
PC: 0x00000084


cycle 212
PC: 0x00000088


cycle 213
PC: 0x0000008C


cycle 214
PC: 0x00000098


cycle 215
$02: 0xFFFFFFFC
PC: 0x0000009C


cycle 216
$03: 0x00077FFF
PC: 0x000000A0


cycle 217
$09: 0x00000000
PC: 0x000000A4


cycle 218
PC: 0x000000A8


cycle 219
PC: 0x000000AC


cycle 220
$02: 0xFFFFFFFE
PC: 0x000000B0


cycle 221
$08: 0x0000000F
PC: 0x000000B4


cycle 222
PC: 0x0000007C


cycle 223
$09: 0x00000001
PC: 0x00000080


cycle 224
PC: 0x00000084


cycle 225
PC: 0x00000088


cycle 226
PC: 0x0000008C


cycle 227
PC: 0x00000098


cycle 228
$02: 0xFFFFFFFC
PC: 0x0000009C


cycle 229
$03: 0x0003BFFF
PC: 0x000000A0


cycle 230
$09: 0x00000000
PC: 0x000000A4


cycle 231
PC: 0x000000A8


cycle 232
PC: 0x000000AC


cycle 233
$02: 0xFFFFFFFE
PC: 0x000000B0


cycle 234
$08: 0x0000000E
PC: 0x000000B4


cycle 235
PC: 0x0000007C


cycle 236
$09: 0x00000001
PC: 0x00000080


cycle 237
PC: 0x00000084


cycle 238
PC: 0x00000088


cycle 239
PC: 0x0000008C


cycle 240
PC: 0x00000098


cycle 241
$02: 0xFFFFFFFC
PC: 0x0000009C


cycle 242
$03: 0x0001DFFF
PC: 0x000000A0


cycle 243
$09: 0x00000000
PC: 0x000000A4


cycle 244
PC: 0x000000A8


cycle 245
PC: 0x000000AC


cycle 246
$02: 0xFFFFFFFE
PC: 0x000000B0


cycle 247
$08: 0x0000000D
PC: 0x000000B4


cycle 248
PC: 0x0000007C


cycle 249
$09: 0x00000001
PC: 0x00000080


cycle 250
PC: 0x00000084


cycle 251
PC: 0x00000088


cycle 252
PC: 0x0000008C


cycle 253
PC: 0x00000098


cycle 254
$02: 0xFFFFFFFC
PC: 0x0000009C


cycle 255
$03: 0x0000EFFF
PC: 0x000000A0


cycle 256
$09: 0x00000000
PC: 0x000000A4


cycle 257
PC: 0x000000A8


cycle 258
PC: 0x000000AC


cycle 259
$02: 0xFFFFFFFE
PC: 0x000000B0


cycle 260
$08: 0x0000000C
PC: 0x000000B4


cycle 261
PC: 0x0000007C


cycle 262
$09: 0x00000001
PC: 0x00000080


cycle 263
PC: 0x00000084


cycle 264
PC: 0x00000088


cycle 265
PC: 0x0000008C


cycle 266
PC: 0x00000098


cycle 267
$02: 0xFFFFFFFC
PC: 0x0000009C


cycle 268
$03: 0x000077FF
PC: 0x000000A0


cycle 269
$09: 0x00000000
PC: 0x000000A4


cycle 270
PC: 0x000000A8


cycle 271
PC: 0x000000AC


cycle 272
$02: 0xFFFFFFFE
PC: 0x000000B0


cycle 273
$08: 0x0000000B
PC: 0x000000B4


cycle 274
PC: 0x0000007C


cycle 275
$09: 0x00000001
PC: 0x00000080


cycle 276
PC: 0x00000084


cycle 277
PC: 0x00000088


cycle 278
PC: 0x0000008C


cycle 279
PC: 0x00000098


cycle 280
$02: 0xFFFFFFFC
PC: 0x0000009C


cycle 281
$03: 0x00003BFF
PC: 0x000000A0


cycle 282
$09: 0x00000000
PC: 0x000000A4


cycle 283
PC: 0x000000A8


cycle 284
PC: 0x000000AC


cycle 285
$02: 0xFFFFFFFE
PC: 0x000000B0


cycle 286
$08: 0x0000000A
PC: 0x000000B4


cycle 287
PC: 0x0000007C


cycle 288
$09: 0x00000001
PC: 0x00000080


cycle 289
PC: 0x00000084


cycle 290
PC: 0x00000088


cycle 291
PC: 0x0000008C


cycle 292
PC: 0x00000098


cycle 293
$02: 0xFFFFFFFC
PC: 0x0000009C


cycle 294
$03: 0x00001DFF
PC: 0x000000A0


cycle 295
$09: 0x00000000
PC: 0x000000A4


cycle 296
PC: 0x000000A8


cycle 297
PC: 0x000000AC


cycle 298
$02: 0xFFFFFFFE
PC: 0x000000B0


cycle 299
$08: 0x00000009
PC: 0x000000B4


cycle 300
PC: 0x0000007C


cycle 301
$09: 0x00000001
PC: 0x00000080


cycle 302
PC: 0x00000084


cycle 303
PC: 0x00000088


cycle 304
PC: 0x0000008C


cycle 305
PC: 0x00000098


cycle 306
$02: 0xFFFFFFFC
PC: 0x0000009C


cycle 307
$03: 0x00000EFF
PC: 0x000000A0


cycle 308
$09: 0x00000000
PC: 0x000000A4


cycle 309
PC: 0x000000A8


cycle 310
PC: 0x000000AC


cycle 311
$02: 0xFFFFFFFE
PC: 0x000000B0


cycle 312
$08: 0x00000008
PC: 0x000000B4


cycle 313
PC: 0x0000007C


cycle 314
$09: 0x00000001
PC: 0x00000080


cycle 315
PC: 0x00000084


cycle 316
PC: 0x00000088


cycle 317
PC: 0x0000008C


cycle 318
PC: 0x00000098


cycle 319
$02: 0xFFFFFFFC
PC: 0x0000009C


cycle 320
$03: 0x0000077F
PC: 0x000000A0


cycle 321
$09: 0x00000000
PC: 0x000000A4


cycle 322
PC: 0x000000A8


cycle 323
PC: 0x000000AC


cycle 324
$02: 0xFFFFFFFE
PC: 0x000000B0


cycle 325
$08: 0x00000007
PC: 0x000000B4


cycle 326
PC: 0x0000007C


cycle 327
$09: 0x00000001
PC: 0x00000080


cycle 328
PC: 0x00000084


cycle 329
PC: 0x00000088


cycle 330
PC: 0x0000008C


cycle 331
PC: 0x00000098


cycle 332
$02: 0xFFFFFFFC
PC: 0x0000009C


cycle 333
$03: 0x000003BF
PC: 0x000000A0


cycle 334
$09: 0x00000000
PC: 0x000000A4


cycle 335
PC: 0x000000A8


cycle 336
PC: 0x000000AC


cycle 337
$02: 0xFFFFFFFE
PC: 0x000000B0


cycle 338
$08: 0x00000006
PC: 0x000000B4


cycle 339
PC: 0x0000007C


cycle 340
$09: 0x00000001
PC: 0x00000080


cycle 341
PC: 0x00000084


cycle 342
PC: 0x00000088


cycle 343
PC: 0x0000008C


cycle 344
PC: 0x00000098


cycle 345
$02: 0xFFFFFFFC
PC: 0x0000009C


cycle 346
$03: 0x000001DF
PC: 0x000000A0


cycle 347
$09: 0x00000000
PC: 0x000000A4


cycle 348
PC: 0x000000A8


cycle 349
PC: 0x000000AC


cycle 350
$02: 0xFFFFFFFE
PC: 0x000000B0


cycle 351
$08: 0x00000005
PC: 0x000000B4


cycle 352
PC: 0x0000007C


cycle 353
$09: 0x00000001
PC: 0x00000080


cycle 354
PC: 0x00000084


cycle 355
PC: 0x00000088


cycle 356
PC: 0x0000008C


cycle 357
PC: 0x00000098


cycle 358
$02: 0xFFFFFFFC
PC: 0x0000009C


cycle 359
$03: 0x000000EF
PC: 0x000000A0


cycle 360
$09: 0x00000000
PC: 0x000000A4


cycle 361
PC: 0x000000A8


cycle 362
PC: 0x000000AC


cycle 363
$02: 0xFFFFFFFE
PC: 0x000000B0


cycle 364
$08: 0x00000004
PC: 0x000000B4


cycle 365
PC: 0x0000007C


cycle 366
$09: 0x00000001
PC: 0x00000080


cycle 367
PC: 0x00000084


cycle 368
PC: 0x00000088


cycle 369
PC: 0x0000008C


cycle 370
PC: 0x00000098


cycle 371
$02: 0xFFFFFFFC
PC: 0x0000009C


cycle 372
$03: 0x00000077
PC: 0x000000A0


cycle 373
$09: 0x00000000
PC: 0x000000A4


cycle 374
PC: 0x000000A8


cycle 375
PC: 0x000000AC


cycle 376
$02: 0xFFFFFFFE
PC: 0x000000B0


cycle 377
$08: 0x00000003
PC: 0x000000B4


cycle 378
PC: 0x0000007C


cycle 379
$09: 0x00000001
PC: 0x00000080


cycle 380
PC: 0x00000084


cycle 381
PC: 0x00000088


cycle 382
PC: 0x0000008C


cycle 383
PC: 0x00000098


cycle 384
$02: 0xFFFFFFFC
PC: 0x0000009C


cycle 385
$03: 0x0000003B
PC: 0x000000A0


cycle 386
$09: 0x00000000
PC: 0x000000A4


cycle 387
PC: 0x000000A8


cycle 388
PC: 0x000000AC


cycle 389
$02: 0xFFFFFFFE
PC: 0x000000B0


cycle 390
$08: 0x00000002
PC: 0x000000B4


cycle 391
PC: 0x0000007C


cycle 392
$09: 0x00000001
PC: 0x00000080


cycle 393
PC: 0x00000084


cycle 394
PC: 0x00000088


cycle 395
PC: 0x0000008C


cycle 396
PC: 0x00000098


cycle 397
$02: 0xFFFFFFFC
PC: 0x0000009C


cycle 398
$03: 0x0000001D
PC: 0x000000A0


cycle 399
$09: 0x00000000
PC: 0x000000A4


cycle 400
PC: 0x000000A8


cycle 401
PC: 0x000000AC


cycle 402
$02: 0xFFFFFFFE
PC: 0x000000B0


cycle 403
$08: 0x00000001
PC: 0x000000B4


cycle 404
PC: 0x0000007C


cycle 405
$09: 0x00000001
PC: 0x00000080


cycle 406
PC: 0x00000084


cycle 407
PC: 0x00000088


cycle 408
PC: 0x0000008C


cycle 409
PC: 0x00000090


cycle 410
$02: 0x00000000
PC: 0x00000094


cycle 411
PC: 0x0000009C


cycle 412
$03: 0x0000000E
PC: 0x000000A0


cycle 413
$09: 0x00000000
PC: 0x000000A4


cycle 414
PC: 0x000000A8


cycle 415
PC: 0x000000AC


cycle 416
PC: 0x000000B0


cycle 417
$08: 0x00000000
PC: 0x000000B4


cycle 418
PC: 0x0000007C


cycle 419
PC: 0x00000080


cycle 420
PC: 0x000000B8


cycle 421
PC: 0x000000BC


cycle 422
$01: 0x0000000E
PC: 0x000000C0


