cycle 0
$00: 0x00000000
$01: 0x00000000
$02: 0x00000000
$03: 0x00000000
$04: 0x00000000
$05: 0x00000000
$06: 0x00000000
$07: 0x00000000
$08: 0x00000000
$09: 0x00000000
$10: 0x00000000
$11: 0x00000000
$12: 0x00000000
$13: 0x00000000
$14: 0x00000000
$15: 0x00000000
$16: 0x00000000
$17: 0x00000000
$18: 0x00000000
$19: 0x00000000
$20: 0x00000000
$21: 0x00000000
$22: 0x00000000
$23: 0x00000000
$24: 0x00000000
$25: 0x00000000
$26: 0x00000000
$27: 0x00000000
$28: 0x00000000
$29: 0x00000201
$30: 0x00000000
$31: 0x00000000
$HI: 0x00000000
$LO: 0x00000000
PC: 0x000003D8


cycle 1
PC: 0x000003DC


cycle 2
PC: 0x000003E0


cycle 3
PC: 0x000003E4


cycle 4
PC: 0x000003E8


cycle 5
$02: 0xFFFFFFFF
PC: 0x000003EC


cycle 6
$03: 0xFFFFFFFE
PC: 0x000003F0


cycle 7
$03: 0xFFFFFFFF
PC: 0x000003F4


cycle 8
$04: 0xFFFFFFFE
PC: 0x000003F8


cycle 9
PC: 0x000003FC


cycle 10
PC: 0x00000400


